<?xml version="1.0" encoding="utf-8"?><testsuites name="pytest tests"><testsuite name="pytest" errors="0" failures="0" skipped="0" tests="25" time="5.242" timestamp="2026-03-09T00:28:42.809915+00:00" hostname="agent-env-883a289d-476e-4471-978f-5cbfd6586292"><testcase classname="backend.tests.test_rates_accessorials.TestAccessorialCodes" name="test_get_accessorial_codes" time="0.645" /><testcase classname="backend.tests.test_rates_accessorials.TestAccessorialCodes" name="test_get_default_accessorials" time="0.069" /><testcase classname="backend.tests.test_rates_accessorials.TestAccessorialDefinitions" name="test_create_accessorial_definition" time="0.414" /><testcase classname="backend.tests.test_rates_accessorials.TestAccessorialDefinitions" name="test_list_accessorial_definitions" time="0.055" /><testcase classname="backend.tests.test_rates_accessorials.TestAccessorialDefinitions" name="test_update_accessorial_definition" time="0.052" /><testcase classname="backend.tests.test_rates_accessorials.TestRateCards" name="test_create_rate_card" time="0.396" /><testcase classname="backend.tests.test_rates_accessorials.TestRateCards" name="test_list_rate_cards" time="0.111" /><testcase classname="backend.tests.test_rates_accessorials.TestRateCards" name="test_get_rate_card_details" time="0.050" /><testcase classname="backend.tests.test_rates_accessorials.TestRateCards" name="test_update_rate_card" time="0.108" /><testcase classname="backend.tests.test_rates_accessorials.TestRateCards" name="test_get_rate_card_not_found" time="0.055" /><testcase classname="backend.tests.test_rates_accessorials.TestLaneRates" name="test_add_lane_rate" time="0.528" /><testcase classname="backend.tests.test_rates_accessorials.TestLaneRates" name="test_add_lane_rate_province_only" time="0.062" /><testcase classname="backend.tests.test_rates_accessorials.TestLaneRates" name="test_add_lane_rate_validation" time="0.053" /><testcase classname="backend.tests.test_rates_accessorials.TestLaneRates" name="test_remove_lane_rate" time="0.111" /><testcase classname="backend.tests.test_rates_accessorials.TestRateCardActivation" name="test_activate_rate_card" time="0.594" /><testcase classname="backend.tests.test_rates_accessorials.TestRateQuotes" name="test_get_rate_quote_matching_lane" time="0.548" /><testcase classname="backend.tests.test_rates_accessorials.TestRateQuotes" name="test_get_rate_quote_with_accessorials" time="0.071" /><testcase classname="backend.tests.test_rates_accessorials.TestRateQuotes" name="test_get_rate_quote_different_equipment" time="0.068" /><testcase classname="backend.tests.test_rates_accessorials.TestRateQuotes" name="test_get_rate_quote_fallback_to_default" time="0.066" /><testcase classname="backend.tests.test_rates_accessorials.TestRateQuotes" name="test_get_rate_quote_no_active_rate_card" time="0.064" /><testcase classname="backend.tests.test_rates_accessorials.TestLaneSearch" name="test_search_lanes_all" time="0.374" /><testcase classname="backend.tests.test_rates_accessorials.TestLaneSearch" name="test_search_lanes_by_origin" time="0.062" /><testcase classname="backend.tests.test_rates_accessorials.TestLaneSearch" name="test_search_lanes_by_destination" time="0.064" /><testcase classname="backend.tests.test_rates_accessorials.TestLaneSearch" name="test_search_lanes_by_corridor" time="0.052" /><testcase classname="backend.tests.test_rates_accessorials.TestExistingRateCard" name="test_get_existing_rate_card" time="0.404" /></testsuite></testsuites>